=INFO REPORT==== 8-Oct-****::19:27:40.508000 ===
    macSrc: 94FE2228124F
    macDst: 74C63B877063
    ipSrc: {192,168,43,1}
    ipDst: {192,168,43,241}
    portSrc: 67
    portDst: 68
    protoTrans: {17,udp}
    protoService: 'dhcp-client'
=INFO REPORT==== 22-Oct-****::18:40:58.361000 ===
    macSrc: 94FE2228124F
    macDst: 74C63B877063
    ipSrc: {192,168,43,1}
    ipDst: {192,168,43,241}
    portSrc: undefined
    portDst: undefined
    protoTrans: {2054,arp}
    protoService: undefined
=INFO REPORT==== 22-Oct-****::18:41:00.536000 ===
    macSrc: 74C63B877063
    macDst: 94FE2228124F
    ipSrc: {192,168,43,241}
    ipDst: {192,168,43,1}
    portSrc: undefined
    portDst: undefined
    protoTrans: {2054,arp}
    protoService: undefined
=INFO REPORT==== 23-Oct-****::01:54:31.123000 ===
    macSrc: 74C63B877063
    macDst: 94FE2228124F
    ipSrc: {192,168,43,241}
    ipDst: {162,159,200,123}
    portSrc: 55815
    portDst: 123
    protoTrans: {17,udp}
    protoService: ntp
=INFO REPORT==== 23-Oct-****::02:04:55.856000 ===
    macSrc: 94FE2228124F
    macDst: 74C63B877063
    ipSrc: {162,159,200,123}
    ipDst: {192,168,43,241}
    portSrc: 123
    portDst: 55815
    protoTrans: {17,udp}
    protoService: ntp
=INFO REPORT==== 23-Oct-****::03:18:47.775000 ===
    macSrc: 74C63B877063
    macDst: 94FE2228124F
    ipSrc: {192,168,43,241}
    ipDst: {192,168,43,1}
    portSrc: undefined
    portDst: undefined
    protoTrans: {2054,arp}
    protoService: undefined
=INFO REPORT==== 23-Oct-****::03:18:57.105000 ===
    macSrc: 94FE2228124F
    macDst: 74C63B877063
    ipSrc: {192,168,43,1}
    ipDst: {192,168,43,241}
    portSrc: undefined
    portDst: undefined
    protoTrans: {2054,arp}
    protoService: undefined
=INFO REPORT==== 23-Oct-****::19:53:41.147000 ===
    macSrc: 74C63B877063
    macDst: 94FE2228124F
    ipSrc: {192,168,43,241}
    ipDst: {162,159,200,123}
    portSrc: 33118
    portDst: 123
    protoTrans: {17,udp}
    protoService: ntp
=INFO REPORT==== 23-Oct-****::19:58:12.593000 ===
    macSrc: 94FE2228124F
    macDst: 74C63B877063
    ipSrc: {162,159,200,123}
    ipDst: {192,168,43,241}
    portSrc: 123
    portDst: 33118
    protoTrans: {17,udp}
    protoService: ntp
=INFO REPORT==== 23-Oct-****::21:18:15.745000 ===
    macSrc: 74C63B877063
    macDst: 94FE2228124F
    ipSrc: {192,168,43,241}
    ipDst: {192,168,43,1}
    portSrc: undefined
    portDst: undefined
    protoTrans: {2054,arp}
    protoService: undefined
=INFO REPORT==== 23-Oct-****::21:18:26.928000 ===
    macSrc: 94FE2228124F
    macDst: 74C63B877063
    ipSrc: {192,168,43,1}
    ipDst: {192,168,43,241}
    portSrc: undefined
    portDst: undefined
    protoTrans: {2054,arp}
    protoService: undefined
=INFO REPORT==== 24-Oct-****::13:50:07.362000 ===
    macSrc: 74C63B877063
    macDst: 94FE2228124F
    ipSrc: {192,168,43,241}
    ipDst: {162,159,200,123}
    portSrc: 45284
    portDst: 123
    protoTrans: {17,udp}
    protoService: ntp
=INFO REPORT==== 24-Oct-****::13:53:31.018000 ===
    macSrc: 94FE2228124F
    macDst: 74C63B877063
    ipSrc: {162,159,200,123}
    ipDst: {192,168,43,241}
    portSrc: 123
    portDst: 45284
    protoTrans: {17,udp}
    protoService: ntp
=INFO REPORT==== 24-Oct-****::15:13:27.887000 ===
    macSrc: 74C63B877063
    macDst: 94FE2228124F
    ipSrc: {192,168,43,241}
    ipDst: {192,168,43,1}
    portSrc: undefined
    portDst: undefined
    protoTrans: {2054,arp}
    protoService: undefined
=INFO REPORT==== 24-Oct-****::15:13:30.474000 ===
    macSrc: 94FE2228124F
    macDst: 74C63B877063
    ipSrc: {192,168,43,1}
    ipDst: {192,168,43,241}
    portSrc: undefined
    portDst: undefined
    protoTrans: {2054,arp}
    protoService: undefined
=INFO REPORT==== 25-Oct-****::16:38:14.902000 ===
    macSrc: 0
    macDst: 0
    ipSrc: {127,0,0,1}
    ipDst: {127,0,0,1}
    portSrc: 33709
    portDst: 4369
    protoTrans: {6,tcp}
    protoService: undefined
=INFO REPORT==== 25-Oct-****::16:38:15.300000 ===
    macSrc: 0
    macDst: 0
    ipSrc: {127,0,0,1}
    ipDst: {127,0,0,1}
    portSrc: 33709
    portDst: 4369
    protoTrans: {6,tcp}
    protoService: undefined
=INFO REPORT==== 25-Oct-****::16:38:15.384000 ===
    macSrc: 0
    macDst: 0
    ipSrc: {127,0,0,1}
    ipDst: {127,0,0,1}
    portSrc: 4369
    portDst: 33709
    protoTrans: {6,tcp}
    protoService: undefined
=INFO REPORT==== 25-Oct-****::16:38:15.424000 ===
    macSrc: 0
    macDst: 0
    ipSrc: {127,0,0,1}
    ipDst: {127,0,0,1}
    portSrc: 4369
    portDst: 33709
    protoTrans: {6,tcp}
    protoService: undefined
=INFO REPORT==== 25-Oct-****::16:38:16.333000 ===
    macSrc: 0
    macDst: 0
    ipSrc: {127,0,0,1}
    ipDst: {127,0,0,1}
    portSrc: 33709
    portDst: 4369
    protoTrans: {6,tcp}
    protoService: undefined
=INFO REPORT==== 25-Oct-****::16:38:16.540000 ===
    macSrc: 0
    macDst: 0
    ipSrc: {127,0,0,1}
    ipDst: {127,0,0,1}
    portSrc: 33709
    portDst: 4369
    protoTrans: {6,tcp}
    protoService: undefined
=INFO REPORT==== 25-Oct-****::16:38:16.647000 ===
    macSrc: 0
    macDst: 0
    ipSrc: {127,0,0,1}
    ipDst: {127,0,0,1}
    portSrc: 33709
    portDst: 4369
    protoTrans: {6,tcp}
    protoService: undefined
=INFO REPORT==== 25-Oct-****::16:38:16.689000 ===
    macSrc: 0
    macDst: 0
    ipSrc: {127,0,0,1}
    ipDst: {127,0,0,1}
    portSrc: 33709
    portDst: 4369
    protoTrans: {6,tcp}
    protoService: undefined
=INFO REPORT==== 25-Oct-****::16:38:16.730000 ===
    macSrc: 0
    macDst: 0
    ipSrc: {127,0,0,1}
    ipDst: {127,0,0,1}
    portSrc: 4369
    portDst: 33709
    protoTrans: {6,tcp}
    protoService: undefined
=INFO REPORT==== 25-Oct-****::16:38:16.767000 ===
    macSrc: 0
    macDst: 0
    ipSrc: {127,0,0,1}
    ipDst: {127,0,0,1}
    portSrc: 4369
    portDst: 33709
    protoTrans: {6,tcp}
    protoService: undefined
=INFO REPORT==== 25-Oct-****::16:38:16.818000 ===
    macSrc: 0
    macDst: 0
    ipSrc: {127,0,0,1}
    ipDst: {127,0,0,1}
    portSrc: 4369
    portDst: 33709
    protoTrans: {6,tcp}
    protoService: undefined
=INFO REPORT==== 25-Oct-****::16:38:16.837000 ===
    macSrc: 0
    macDst: 0
    ipSrc: {127,0,0,1}
    ipDst: {127,0,0,1}
    portSrc: 4369
    portDst: 33709
    protoTrans: {6,tcp}
    protoService: undefined
=INFO REPORT==== 25-Oct-****::16:38:17.017000 ===
    macSrc: 0
    macDst: 0
    ipSrc: {127,0,0,1}
    ipDst: {127,0,0,1}
    portSrc: 33709
    portDst: 4369
    protoTrans: {6,tcp}
    protoService: undefined
=INFO REPORT==== 25-Oct-****::16:38:17.062000 ===
    macSrc: 0
    macDst: 0
    ipSrc: {127,0,0,1}
    ipDst: {127,0,0,1}
    portSrc: 33709
    portDst: 4369
    protoTrans: {6,tcp}
    protoService: undefined
=INFO REPORT==== 25-Oct-****::16:46:39.018000 ===
    macSrc: 0
    macDst: 0
    ipSrc: {127,0,0,1}
    ipDst: {127,0,0,1}
    portSrc: 33709
    portDst: 4369
    protoTrans: {6,tcp}
    protoService: undefined
=INFO REPORT==== 25-Oct-****::16:46:39.364000 ===
    macSrc: 0
    macDst: 0
    ipSrc: {127,0,0,1}
    ipDst: {127,0,0,1}
    portSrc: 33709
    portDst: 4369
    protoTrans: {6,tcp}
    protoService: undefined
=INFO REPORT==== 25-Oct-****::16:46:39.416000 ===
    macSrc: 0
    macDst: 0
    ipSrc: {127,0,0,1}
    ipDst: {127,0,0,1}
    portSrc: 4369
    portDst: 33709
    protoTrans: {6,tcp}
    protoService: undefined
=INFO REPORT==== 25-Oct-****::16:46:39.460000 ===
    macSrc: 0
    macDst: 0
    ipSrc: {127,0,0,1}
    ipDst: {127,0,0,1}
    portSrc: 4369
    portDst: 33709
    protoTrans: {6,tcp}
    protoService: undefined
=INFO REPORT==== 25-Oct-****::16:46:39.512000 ===
    macSrc: 0
    macDst: 0
    ipSrc: {127,0,0,1}
    ipDst: {127,0,0,1}
    portSrc: 33709
    portDst: 4369
    protoTrans: {6,tcp}
    protoService: undefined
=INFO REPORT==== 25-Oct-****::16:46:39.572000 ===
    macSrc: 0
    macDst: 0
    ipSrc: {127,0,0,1}
    ipDst: {127,0,0,1}
    portSrc: 33709
    portDst: 4369
    protoTrans: {6,tcp}
    protoService: undefined
=INFO REPORT==== 26-Oct-****::01:30:21.180000 ===
    macSrc: 74C63B877063
    macDst: 94FE2228124F
    ipSrc: {192,168,43,241}
    ipDst: {162,159,200,123}
    portSrc: 34689
    portDst: 123
    protoTrans: {17,udp}
    protoService: ntp
=INFO REPORT==== 26-Oct-****::01:34:56.373000 ===
    macSrc: 94FE2228124F
    macDst: 74C63B877063
    ipSrc: {162,159,200,123}
    ipDst: {192,168,43,241}
    portSrc: 123
    portDst: 34689
    protoTrans: {17,udp}
    protoService: ntp
=INFO REPORT==== 26-Oct-****::02:55:19.798000 ===
    macSrc: 74C63B877063
    macDst: 94FE2228124F
    ipSrc: {192,168,43,241}
    ipDst: {192,168,43,1}
    portSrc: undefined
    portDst: undefined
    protoTrans: {2054,arp}
    protoService: undefined
=INFO REPORT==== 26-Oct-****::02:55:32.101000 ===
    macSrc: 94FE2228124F
    macDst: 74C63B877063
    ipSrc: {192,168,43,1}
    ipDst: {192,168,43,241}
    portSrc: undefined
    portDst: undefined
    protoTrans: {2054,arp}
    protoService: undefined
=INFO REPORT==== 26-Oct-****::15:02:41.243000 ===
    macSrc: 74C63B877063
    macDst: 94FE2228124F
    ipSrc: {192,168,43,241}
    ipDst: {192,168,43,1}
    portSrc: 68
    portDst: 67
    protoTrans: {17,udp}
    protoService: 'dhcp-client'
=INFO REPORT==== 26-Oct-****::15:06:48.233000 ===
    macSrc: 94FE2228124F
    macDst: 74C63B877063
    ipSrc: {192,168,43,1}
    ipDst: {192,168,43,241}
    portSrc: 67
    portDst: 68
    protoTrans: {17,udp}
    protoService: 'dhcp-client'
=INFO REPORT==== 26-Oct-****::16:30:15.760000 ===
    macSrc: 74C63B877063
    macDst: 94FE2228124F
    ipSrc: {192,168,43,241}
    ipDst: {192,168,43,1}
    portSrc: undefined
    portDst: undefined
    protoTrans: {2054,arp}
    protoService: undefined
=INFO REPORT==== 26-Oct-****::16:30:26.929000 ===
    macSrc: 94FE2228124F
    macDst: 74C63B877063
    ipSrc: {192,168,43,1}
    ipDst: {192,168,43,241}
    portSrc: undefined
    portDst: undefined
    protoTrans: {2054,arp}
    protoService: undefined
=INFO REPORT==== 27-Oct-****::12:12:01.084000 ===
    macSrc: 74C63B877063
    macDst: 94FE2228124F
    ipSrc: {192,168,43,241}
    ipDst: {162,159,200,123}
    portSrc: 59960
    portDst: 123
    protoTrans: {17,udp}
    protoService: ntp
=INFO REPORT==== 27-Oct-****::12:16:28.504000 ===
    macSrc: 94FE2228124F
    macDst: 74C63B877063
    ipSrc: {162,159,200,123}
    ipDst: {192,168,43,241}
    portSrc: 123
    portDst: 59960
    protoTrans: {17,udp}
    protoService: ntp
=INFO REPORT==== 27-Oct-****::13:37:11.723000 ===
    macSrc: 74C63B877063
    macDst: 94FE2228124F
    ipSrc: {192,168,43,241}
    ipDst: {192,168,43,1}
    portSrc: undefined
    portDst: undefined
    protoTrans: {2054,arp}
    protoService: undefined
=INFO REPORT==== 27-Oct-****::13:37:21.945000 ===
    macSrc: 94FE2228124F
    macDst: 74C63B877063
    ipSrc: {192,168,43,1}
    ipDst: {192,168,43,241}
    portSrc: undefined
    portDst: undefined
    protoTrans: {2054,arp}
    protoService: undefined
=INFO REPORT==== 29-Oct-****::03:57:05.636000 ===
    macSrc: 74C63B877063
    macDst: 1005E0000FB
    ipSrc: {192,168,43,241}
    ipDst: {224,0,0,251}
    portSrc: 5353
    portDst: 5353
    protoTrans: {17,udp}
    protoService: undefined
=INFO REPORT==== 30-Oct-****::11:27:01.111000 ===
    macSrc: 74C63B877063
    macDst: 94FE2228124F
    ipSrc: {192,168,43,241}
    ipDst: {162,159,200,123}
    portSrc: 41517
    portDst: 123
    protoTrans: {17,udp}
    protoService: ntp
=INFO REPORT==== 30-Oct-****::11:34:03.007000 ===
    macSrc: 94FE2228124F
    macDst: 74C63B877063
    ipSrc: {162,159,200,123}
    ipDst: {192,168,43,241}
    portSrc: 123
    portDst: 41517
    protoTrans: {17,udp}
    protoService: ntp
=INFO REPORT==== 30-Oct-****::12:52:23.834000 ===
    macSrc: 74C63B877063
    macDst: 94FE2228124F
    ipSrc: {192,168,43,241}
    ipDst: {192,168,43,1}
    portSrc: undefined
    portDst: undefined
    protoTrans: {2054,arp}
    protoService: undefined
=INFO REPORT==== 30-Oct-****::12:52:26.742000 ===
    macSrc: 94FE2228124F
    macDst: 74C63B877063
    ipSrc: {192,168,43,1}
    ipDst: {192,168,43,241}
    portSrc: undefined
    portDst: undefined
    protoTrans: {2054,arp}
    protoService: undefined
=INFO REPORT==== 31-Oct-****::20:23:06.185000 ===
    macSrc: 0
    macDst: 0
    ipSrc: {127,0,0,1}
    ipDst: {127,0,0,1}
    portSrc: 55692
    portDst: 631
    protoTrans: {6,tcp}
    protoService: undefined
=INFO REPORT==== 31-Oct-****::20:23:06.356000 ===
    macSrc: 0
    macDst: 0
    ipSrc: {127,0,0,1}
    ipDst: {127,0,0,1}
    portSrc: 55692
    portDst: 631
    protoTrans: {6,tcp}
    protoService: undefined
=INFO REPORT==== 31-Oct-****::20:23:06.426000 ===
    macSrc: 0
    macDst: 0
    ipSrc: {127,0,0,1}
    ipDst: {127,0,0,1}
    portSrc: 631
    portDst: 55692
    protoTrans: {6,tcp}
    protoService: undefined
=INFO REPORT==== 31-Oct-****::20:23:07.402000 ===
    macSrc: 0
    macDst: 0
    ipSrc: {127,0,0,1}
    ipDst: {127,0,0,1}
    portSrc: 631
    portDst: 55692
    protoTrans: {6,tcp}
    protoService: undefined
